Mar-20 16:19:39.744 [main] DEBUG nextflow.cli.Launcher - $> nextflow run main.updated_tmp.nf
Mar-20 16:19:40.194 [main] DEBUG nextflow.cli.CmdRun - N E X T F L O W  ~  version 25.10.4
Mar-20 16:19:40.285 [main] DEBUG nextflow.plugin.PluginsFacade - Setting up plugin manager > mode=prod; embedded=false; plugins-dir=/Users/vinithanadar/.nextflow/plugins; core-plugins: nf-amazon@3.4.4,nf-azure@1.20.2,nf-cloudcache@0.5.0,nf-codecommit@0.5.0,nf-console@1.3.0,nf-google@1.23.5,nf-k8s@1.2.2,nf-tower@1.17.5,nf-wave@1.16.1
Mar-20 16:19:40.356 [main] INFO  o.pf4j.DefaultPluginStatusProvider - Enabled plugins: []
Mar-20 16:19:40.357 [main] INFO  o.pf4j.DefaultPluginStatusProvider - Disabled plugins: []
Mar-20 16:19:40.370 [main] INFO  org.pf4j.DefaultPluginManager - PF4J version 3.12.0 in 'deployment' mode
Mar-20 16:19:40.423 [main] DEBUG nextflow.util.RetryConfig - Missing nextflow session - using default retry config
Mar-20 16:19:40.869 [main] INFO  org.pf4j.AbstractPluginManager - No plugins
Mar-20 16:19:40.978 [main] DEBUG nextflow.config.ConfigBuilder - Found config local: /Users/vinithanadar/MA5121PROJ/nextflow.config
Mar-20 16:19:40.992 [main] DEBUG nextflow.config.ConfigBuilder - Parsing config file: /Users/vinithanadar/MA5121PROJ/nextflow.config
Mar-20 16:19:41.107 [main] DEBUG nextflow.config.ConfigBuilder - Applying config profile: `standard`
Mar-20 16:19:42.858 [main] DEBUG nextflow.plugin.PluginsFacade - Plugins default=[]
Mar-20 16:19:42.863 [main] DEBUG nextflow.plugin.PluginsFacade - Plugins resolved requirement=[]
Mar-20 16:19:42.897 [main] DEBUG n.secret.LocalSecretsProvider - Secrets store: /Users/vinithanadar/.nextflow/secrets/store.json
Mar-20 16:19:42.905 [main] DEBUG nextflow.secret.SecretsLoader - Discovered secrets providers: [nextflow.secret.LocalSecretsProvider@554c4eaa] - activable => nextflow.secret.LocalSecretsProvider@554c4eaa
Mar-20 16:19:42.932 [main] DEBUG nextflow.cli.CmdRun - Applied DSL=2 from script declaration
Mar-20 16:19:42.959 [main] DEBUG nextflow.cli.CmdRun - Launching `main.updated_tmp.nf` [gigantic_keller] DSL2 - revision: df63873300
Mar-20 16:19:43.090 [main] DEBUG nextflow.Session - Session UUID: 549e2cfb-6d33-435b-a29f-bba09d6d21f9
Mar-20 16:19:43.091 [main] DEBUG nextflow.Session - Run name: gigantic_keller
Mar-20 16:19:43.092 [main] DEBUG nextflow.Session - Executor pool size: 8
Mar-20 16:19:43.105 [main] DEBUG nextflow.file.FilePorter - File porter settings maxRetries=3; maxTransfers=50; pollTimeout=null
Mar-20 16:19:43.112 [main] DEBUG nextflow.util.ThreadPoolBuilder - Creating thread pool 'FileTransfer' minSize=10; maxSize=24; workQueue=LinkedBlockingQueue[-1]; allowCoreThreadTimeout=false
Mar-20 16:19:43.314 [main] DEBUG nextflow.cli.CmdRun - 
  Version: 25.10.4 build 11173
  Created: 10-02-2026 15:17 UTC (15:17 IST)
  System: Mac OS X 26.1
  Runtime: Groovy 4.0.28 on OpenJDK 64-Bit Server VM 22.0.1+8
  Encoding: UTF-8 (UTF-8)
  Process: 52748@vinithas-laptop.nuigalway.ie [140.203.188.186]
  CPUs: 8 - Mem: 8 GB (23.2 MB) - Swap: 8 GB (1 GB)
Mar-20 16:19:43.380 [main] DEBUG nextflow.Session - Work-dir: /Users/vinithanadar/MA5121PROJ/work [Mac OS X]
Mar-20 16:19:43.381 [main] DEBUG nextflow.Session - Script base path does not exist or is not a directory: /Users/vinithanadar/MA5121PROJ/bin
Mar-20 16:19:43.395 [main] DEBUG nextflow.executor.ExecutorFactory - Extension executors providers=[]
Mar-20 16:19:43.411 [main] DEBUG nextflow.Session - Observer factory (v2): LinObserverFactory
Mar-20 16:19:43.418 [main] DEBUG nextflow.Session - Observer factory (v2): DefaultObserverFactory
Mar-20 16:19:43.559 [main] DEBUG nextflow.cache.CacheFactory - Using Nextflow cache factory: nextflow.cache.DefaultCacheFactory
Mar-20 16:19:43.593 [main] DEBUG nextflow.util.CustomThreadPool - Creating default thread pool > poolSize: 9; maxThreads: 1000
Mar-20 16:19:43.676 [main] DEBUG nextflow.Session - Session start
Mar-20 16:19:44.902 [main] DEBUG nextflow.script.ScriptRunner - > Launching execution
Mar-20 16:19:44.917 [main] INFO  nextflow.Nextflow - 
      LIST OF PARAMETERS
================================
Reads            : data/*_{1,2}.fq.gz
Output-folder    : outputs
Adapters         : adapters.fa

Mar-20 16:19:45.290 [main] DEBUG n.script.dsl.ProcessConfigBuilder - Config settings `withLabel:fastqc` matches labels `fastqc` for process with name fastqc
Mar-20 16:19:45.299 [main] DEBUG nextflow.executor.ExecutorFactory - << taskConfig executor: null
Mar-20 16:19:45.300 [main] DEBUG nextflow.executor.ExecutorFactory - >> processorType: 'local'
Mar-20 16:19:45.336 [main] DEBUG nextflow.executor.Executor - [warm up] executor > local
Mar-20 16:19:45.360 [main] DEBUG n.processor.LocalPollingMonitor - Creating local task monitor for executor 'local' > cpus=8; memory=8 GB; capacity=8; pollInterval=100ms; dumpInterval=5m
Mar-20 16:19:45.368 [main] DEBUG n.processor.TaskPollingMonitor - >>> barrier register (monitor: local)
Mar-20 16:19:45.422 [main] DEBUG nextflow.processor.TaskProcessor - Creating process 'fastqc': maxForks=0; fair=false; array=0
Mar-20 16:19:45.511 [main] DEBUG n.script.dsl.ProcessConfigBuilder - Config settings `withLabel:trimmomatic` matches labels `trimmomatic` for process with name trimmomatic
Mar-20 16:19:45.513 [main] DEBUG nextflow.executor.ExecutorFactory - << taskConfig executor: null
Mar-20 16:19:45.514 [main] DEBUG nextflow.executor.ExecutorFactory - >> processorType: 'local'
Mar-20 16:19:45.517 [main] DEBUG nextflow.processor.TaskProcessor - Creating process 'trimmomatic': maxForks=0; fair=false; array=0
Mar-20 16:19:45.528 [main] DEBUG n.script.dsl.ProcessConfigBuilder - Config settings `withLabel:bwa_mem2` matches labels `bwa_mem2` for process with name bwa_mem2
Mar-20 16:19:45.529 [main] DEBUG nextflow.executor.ExecutorFactory - << taskConfig executor: null
Mar-20 16:19:45.529 [main] DEBUG nextflow.executor.ExecutorFactory - >> processorType: 'local'
Mar-20 16:19:45.530 [main] DEBUG nextflow.processor.TaskProcessor - Creating process 'bwa_mem2': maxForks=0; fair=false; array=0
Mar-20 16:19:45.535 [main] DEBUG nextflow.Session - Workflow process names [dsl2]: trimmomatic, fastqc, bwa_mem2
Mar-20 16:19:45.541 [main] DEBUG nextflow.Session - Igniting dataflow network (6)
Mar-20 16:19:45.551 [PathVisitor-1] DEBUG nextflow.file.PathVisitor - files for syntax: glob; folder: data/; pattern: *_{1,2}.fq.gz; options: [checkIfExists:true]
Mar-20 16:19:45.556 [main] DEBUG nextflow.processor.TaskProcessor - Starting process > fastqc
Mar-20 16:19:45.557 [PathVisitor-3] DEBUG nextflow.file.PathVisitor - files for syntax: glob; folder: data/; pattern: LG12.fasta*; options: [:]
Mar-20 16:19:45.558 [main] DEBUG nextflow.processor.TaskProcessor - Starting process > trimmomatic
Mar-20 16:19:45.564 [main] DEBUG nextflow.processor.TaskProcessor - Starting process > bwa_mem2
Mar-20 16:19:45.571 [main] DEBUG nextflow.script.ScriptRunner - Parsed script files:
  Script_e1ec8e7c0afc2bdf: /Users/vinithanadar/MA5121PROJ/main.updated_tmp.nf
Mar-20 16:19:45.572 [main] DEBUG nextflow.script.ScriptRunner - > Awaiting termination 
Mar-20 16:19:45.572 [main] DEBUG nextflow.Session - Session await
Mar-20 16:19:46.726 [Task submitter] DEBUG n.executor.local.LocalTaskHandler - Launch cmd line: /bin/bash -ue .command.run
Mar-20 16:19:46.738 [Task submitter] INFO  nextflow.Session - [90/18717f] Submitted process > trimmomatic (1)
Mar-20 16:22:02.598 [Task monitor] DEBUG n.processor.TaskPollingMonitor - Task completed > TaskHandler[id: 2; name: trimmomatic (1); status: COMPLETED; exit: 0; error: -; workDir: /Users/vinithanadar/MA5121PROJ/work/90/18717fc5de63ffb83c56f02643b6ab]
Mar-20 16:22:02.610 [Task monitor] DEBUG nextflow.util.ThreadPoolBuilder - Creating thread pool 'TaskFinalizer' minSize=10; maxSize=24; workQueue=LinkedBlockingQueue[-1]; allowCoreThreadTimeout=false
Mar-20 16:22:02.653 [Task submitter] DEBUG n.executor.local.LocalTaskHandler - Launch cmd line: /bin/bash -ue .command.run
Mar-20 16:22:02.657 [Task submitter] INFO  nextflow.Session - [86/33f698] Submitted process > fastqc (1)
Mar-20 16:22:02.902 [TaskFinalizer-1] DEBUG nextflow.util.ThreadPoolBuilder - Creating thread pool 'PublishDir' minSize=10; maxSize=24; workQueue=LinkedBlockingQueue[-1]; allowCoreThreadTimeout=false
Mar-20 16:22:03.053 [Task submitter] DEBUG n.executor.local.LocalTaskHandler - Launch cmd line: /bin/bash -ue .command.run
Mar-20 16:22:03.091 [Task submitter] INFO  nextflow.Session - [6b/585b61] Submitted process > bwa_mem2 (1)
Mar-20 16:22:04.866 [Task monitor] DEBUG n.processor.TaskPollingMonitor - Task completed > TaskHandler[id: 3; name: bwa_mem2 (1); status: COMPLETED; exit: 134; error: -; workDir: /Users/vinithanadar/MA5121PROJ/work/6b/585b6139c33f70ea21e7e7958ef84c]
Mar-20 16:22:04.891 [TaskFinalizer-2] DEBUG nextflow.processor.TaskProcessor - Handling unexpected condition for
  task: name=bwa_mem2 (1); work-dir=/Users/vinithanadar/MA5121PROJ/work/6b/585b6139c33f70ea21e7e7958ef84c
  error [nextflow.exception.ProcessFailedException]: Process `bwa_mem2 (1)` terminated with an error exit status (134)
Mar-20 16:22:04.940 [TaskFinalizer-2] ERROR nextflow.processor.TaskProcessor - Error executing process > 'bwa_mem2 (1)'

Caused by:
  Process `bwa_mem2 (1)` terminated with an error exit status (134)


Command executed:

  bwa-mem2 mem -t 4 LG12.fasta A_33_FDSW202661760-1r_HTNK5DSXY_L3_sub_1.paired.fq.gz A_33_FDSW202661760-1r_HTNK5DSXY_L3_sub_2.paired.fq.gz | samtools sort -@ 4 -o A_33_FDSW202661760-1r_HTNK5DSXY_L3_sub.bam

Command exit status:
  134

Command output:
  (empty)

Command error:
  Looking to launch executable "/Users/vinithanadar/miniconda/envs/nf_course/bin/bwa-mem2.sse42", simd = .sse42
  Launching executable "/Users/vinithanadar/miniconda/envs/nf_course/bin/bwa-mem2.sse42"
  dyld[52977]: Library not loaded: @rpath/libcrypto.3.dylib
    Referenced from: <E08D0338-7F8C-3A1C-9752-34F09D4A6F88> /Users/vinithanadar/miniconda/envs/nf_course/bin/samtools
    Reason: tried: '/Users/vinithanadar/miniconda/envs/nf_course/bin/../lib/libcrypto.3.dylib' (no such file), '/Users/vinithanadar/miniconda/envs/nf_course/bin/../lib/libcrypto.3.dylib' (no such file), '/usr/local/lib/libcrypto.3.dylib' (no such file), '/usr/lib/libcrypto.3.dylib' (no such file, not in dyld cache)
  -----------------------------
  Executing in SSE4.2 mode!!
  -----------------------------
  * SA compression enabled with xfactor: 8
  * Ref file: LG12.fasta
  * Entering FMI_search
  ERROR! Unable to open the file: LG12.fasta.bwt.2bit.64
  .command.sh: line 2: 52976 Exit 1                  bwa-mem2 mem -t 4 LG12.fasta A_33_FDSW202661760-1r_HTNK5DSXY_L3_sub_1.paired.fq.gz A_33_FDSW202661760-1r_HTNK5DSXY_L3_sub_2.paired.fq.gz
       52977 Abort trap: 6           | samtools sort -@ 4 -o A_33_FDSW202661760-1r_HTNK5DSXY_L3_sub.bam

Work dir:
  /Users/vinithanadar/MA5121PROJ/work/6b/585b6139c33f70ea21e7e7958ef84c

Tip: view the complete command output by changing to the process work dir and entering the command `cat .command.out`
Mar-20 16:22:04.955 [TaskFinalizer-2] DEBUG nextflow.Session - Session aborted -- Cause: Process `bwa_mem2 (1)` terminated with an error exit status (134)
Mar-20 16:22:04.977 [Task monitor] DEBUG n.processor.TaskPollingMonitor - <<< barrier arrives (monitor: local) - terminating tasks monitor poll loop
Mar-20 16:22:05.054 [TaskFinalizer-2] WARN  n.processor.TaskPollingMonitor - Killing running tasks (1)
Mar-20 16:22:05.240 [TaskFinalizer-2] DEBUG n.trace.WorkflowStatsObserver - Workflow completed > WorkflowStats[succeededCount=1; failedCount=1; ignoredCount=0; cachedCount=0; pendingCount=0; submittedCount=0; runningCount=0; retriesCount=0; abortedCount=1; succeedDuration=9m 3s; failedDuration=6.6s; cachedDuration=0ms;loadCpus=0; loadMemory=0; peakRunning=3; peakCpus=12; peakMemory=16 GB; ]
Mar-20 16:22:05.285 [main] DEBUG nextflow.Session - Session await > all processes finished
Mar-20 16:22:05.286 [main] DEBUG nextflow.Session - Session await > all barriers passed
Mar-20 16:22:05.296 [main] DEBUG n.trace.WorkflowStatsObserver - Workflow completed > WorkflowStats[succeededCount=1; failedCount=1; ignoredCount=0; cachedCount=0; pendingCount=0; submittedCount=0; runningCount=0; retriesCount=0; abortedCount=1; succeedDuration=9m 3s; failedDuration=6.6s; cachedDuration=0ms;loadCpus=0; loadMemory=0; peakRunning=3; peakCpus=12; peakMemory=16 GB; ]
Mar-20 16:22:05.312 [main] DEBUG nextflow.cache.CacheDB - Closing CacheDB done
Mar-20 16:22:05.441 [main] DEBUG nextflow.script.ScriptRunner - > Execution complete -- Goodbye
